#
# A fatal error has been detected by the Java Runtime Environment:
#
#  SIGSEGV (0xb) at pc=0x000000010a2463fd, pid=1108, tid=775
#
# JRE version: Java(TM) SE Runtime Environment (8.0_25-b17) (build 1.8.0_25-b17)
# Java VM: Java HotSpot(TM) 64-Bit Server VM (25.25-b02 mixed mode bsd-amd64 compressed oops)
# Problematic frame:
# C  [libglass.dylib+0x163fd]  GlassScreenDidChangeScreenParameters+0x9d
#
# Failed to write core dump. Core dumps have been disabled. To enable core dumping, try "ulimit -c unlimited" before starting Java again
#
# If you would like to submit a bug report, please visit:
#   http://bugreport.sun.com/bugreport/crash.jsp
#

---------------  T H R E A D  ---------------

Current thread is native thread

siginfo: si_signo: 11 (SIGSEGV), si_code: 1 (SEGV_MAPERR), si_addr: 0x0000000000000000

Registers:
RAX=0x000000010a278e40, RBX=0x0000000000000000, RCX=0xe3fc1bc45ef300ad, RDX=0x00007fa735939bf0
RSP=0x00007ffeee2f4500, RBP=0x00007ffeee2f4510, RSI=0x00007fa733c119d0, RDI=0x0000000000000000
R8 =0x00007fffb2748048, R9 =0x0000000000000040, R10=0x00007fffb2748040, R11=0xffffffffffffffff
R12=0x0000000000000000, R13=0x0000000000000000, R14=0x00007fa733c71a50, R15=0x00007fa733e4fb10
RIP=0x000000010a2463fd, EFLAGS=0x0000000000010206, ERR=0x0000000000000004
  TRAPNO=0x000000000000000e

Top of Stack: (sp=0x00007ffeee2f4500)
0x00007ffeee2f4500:   00007fa733c719a0 00007fa733c71a50
0x00007ffeee2f4510:   00007ffeee2f4520 00007fff51e06dbc
0x00007ffeee2f4520:   00007ffeee2f4590 00007fff51e06c8a
0x00007ffeee2f4530:   00007fffb2743060 00000000c2000000
0x00007ffeee2f4540:   00007fff51e06d00 00007fffabec3ae8
0x00007ffeee2f4550:   00007fa733c71a50 00007fa733e4fb10
0x00007ffeee2f4560:   0000000000000000 00007fff790fde80
0x00007ffeee2f4570:   00007fff790fde80 00007ffeee2f4dd0
0x00007ffeee2f4580:   00007fa733c71a50 00007fa733e08e80
0x00007ffeee2f4590:   00007ffeee2f45d0 00007fff51e069c1
0x00007ffeee2f45a0:   00007ffeee2f4ba0 0000000000000000
0x00007ffeee2f45b0:   00007fff790fde80 0000000000000000
0x00007ffeee2f45c0:   00007ffeee2f4dd0 00007fff5001ae91
0x00007ffeee2f45d0:   00007ffeee2f4cf0 00007fff51dc47a0
0x00007ffeee2f45e0:   0000000000000017 00007fffab646100
0x00007ffeee2f45f0:   00007fa733e090b0 00007fffabffce01
0x00007ffeee2f4600:   0000000000000000 00007fa73592fee0
0x00007ffeee2f4610:   00007fffabffce70 00007fffabf05978
0x00007ffeee2f4620:   00007fffabec5b00 00007fa735808fa0
0x00007ffeee2f4630:   0000000000000000 00007fa733c71a90
0x00007ffeee2f4640:   0000000000000000 0000000000000000
0x00007ffeee2f4650:   00007ffeee2f4ba0 0000000000000001
0x00007ffeee2f4660:   0000000000000100 0000000101925a00
0x00007ffeee2f4670:   00007ffeee2f4aa0 0000000000000000
0x00007ffeee2f4680:   0000000000000100 00007ffeee2f4700
0x00007ffeee2f4690:   00007fff5001ae91 00007fa736899050
0x00007ffeee2f46a0:   0000000000000001 00007ffeee2f4760
0x00007ffeee2f46b0:   00007fa733e00770 0000000017716bc3
0x00007ffeee2f46c0:   00007ffeee2f4700 00007fff79ecf342
0x00007ffeee2f46d0:   0000000000000001 0000000101923080
0x00007ffeee2f46e0:   00007ffeee2f4770 00007fff79ee575a
0x00007ffeee2f46f0:   00007ffeee2f4710 0000000100000006 

Instructions: (pc=0x000000010a2463fd)
0x000000010a2463dd:   89 df 4c 89 f1 41 ff 90 68 04 00 00 48 8d 05 58
0x000000010a2463ed:   29 03 00 48 8b 30 48 8d 05 46 2a 03 00 48 8b 10
0x000000010a2463fd:   48 8b 0b 30 c0 48 89 df ff 91 68 04 00 00 48 8b
0x000000010a24640d:   03 48 89 df ff 50 78 48 85 c0 74 36 49 89 c6 48 

Register to memory mapping:

RAX=0x000000010a278e40: jScreenNotifySettingsChanged+0 in /Library/Java/JavaVirtualMachines/jdk1.8.0_25.jdk/Contents/Home/jre/lib/libglass.dylib at 0x000000010a230000
RBX=0x0000000000000000 is an unknown value
RCX=0xe3fc1bc45ef300ad is an unknown value
RDX=0x00007fa735939bf0 is an unknown value
RSP=0x00007ffeee2f4500 is an unknown value
RBP=0x00007ffeee2f4510 is an unknown value
RSI=0x00007fa733c119d0 is a global jni handle
RDI=0x0000000000000000 is an unknown value
R8 =0x00007fffb2748048: __sFX+0x1c8 in /usr/lib/system/libsystem_c.dylib at 0x00007fff79d74000
R9 =0x0000000000000040 is an unknown value
R10=0x00007fffb2748040: __sFX+0x1c0 in /usr/lib/system/libsystem_c.dylib at 0x00007fff79d74000
R11=0xffffffffffffffff is an unknown value
R12=0x0000000000000000 is an unknown value
R13=0x0000000000000000 is an unknown value
R14=0x00007fa733c71a50 is an unknown value
R15=0x00007fa733e4fb10 is an unknown value


Stack: [0x00007ffeedaf9000,0x00007ffeee2f9000],  sp=0x00007ffeee2f4500,  free space=8173k
Native frames: (J=compiled Java code, j=interpreted, Vv=VM code, C=native code)
C  [libglass.dylib+0x163fd]  GlassScreenDidChangeScreenParameters+0x9d
C  [CoreFoundation+0x9adbc]  __CFNOTIFICATIONCENTER_IS_CALLING_OUT_TO_AN_OBSERVER__+0xc
C  [CoreFoundation+0x9ac8a]  _CFXRegistrationPost+0x1ca
C  [CoreFoundation+0x9a9c1]  ___CFXNotificationPost_block_invoke+0xe1
C  [CoreFoundation+0x587a0]  -[_CFXNotificationRegistrar find:object:observer:enumerator:]+0x680
C  [CoreFoundation+0x578d7]  _CFXNotificationPost+0x257
C  [Foundation+0x6817]  -[NSNotificationCenter postNotificationName:object:userInfo:]+0x42
C  [AppKit+0xbc2133]  -[NSApplication(ScreenHandling) _reactToScreenInvalidationImmediately:]+0x162
C  [AppKit+0xbc1f95]  __60-[NSApplication(ScreenHandling) _reactToScreenInvalidation:]_block_invoke+0x3b
C  [CoreFoundation+0xa375c]  __CFRUNLOOP_IS_CALLING_OUT_TO_A_BLOCK__+0xc
C  [CoreFoundation+0x86133]  __CFRunLoopDoBlocks+0x113
C  [CoreFoundation+0x85ef8]  __CFRunLoopRun+0xc38
C  [CoreFoundation+0x85033]  CFRunLoopRunSpecific+0x1e3
C  [java+0x56cc]  CreateExecutionEnvironment+0x367
C  [java+0x165c]  JLI_Launch+0x7a0
C  [java+0x768a]  main+0x65
C  [java+0xeb4]  start+0x34


---------------  P R O C E S S  ---------------

VM state:at safepoint (normal execution)

VM Mutex/Monitor currently owned by a thread:  ([mutex/lock_event])
[0x00007fa735901250] Threads_lock - owner thread: 0x00007fa734015000

Heap:
 PSYoungGen      total 76288K, used 22543K [0x000000076ab00000, 0x0000000770000000, 0x00000007c0000000)
  eden space 65536K, 34% used [0x000000076ab00000,0x000000076c103ee8,0x000000076eb00000)
  from space 10752K, 0% used [0x000000076f580000,0x000000076f580000,0x0000000770000000)
  to   space 10752K, 0% used [0x000000076eb00000,0x000000076eb00000,0x000000076f580000)
 ParOldGen       total 175104K, used 0K [0x00000006c0000000, 0x00000006cab00000, 0x000000076ab00000)
  object space 175104K, 0% used [0x00000006c0000000,0x00000006c0000000,0x00000006cab00000)
 Metaspace       used 7415K, capacity 7690K, committed 7936K, reserved 1056768K
  class space    used 892K, capacity 969K, committed 1024K, reserved 1048576K

Card table byte_map: [0x0000000103d1c000,0x000000010451d000] byte_map_base: 0x000000010071c000

Marking Bits: (ParMarkBitMap*) 0x000000010329d390
 Begin Bits: [0x00000001198af000, 0x000000011d8af000)
 End Bits:   [0x000000011d8af000, 0x00000001218af000)

Polling page: 0x0000000101989000

CodeCache: size=245760Kb used=2075Kb max_used=2075Kb free=243684Kb
 bounds [0x000000010a8af000, 0x000000010ab1f000, 0x00000001198af000]
 total_blobs=857 nmethods=469 adapters=303
 compilation: enabled

Compilation events (10 events):
Event: 1.522 Thread 0x00007fa73700c000 nmethod 461 0x000000010aaae750 code [0x000000010aaae8a0, 0x000000010aaaecc8]
Event: 1.523 Thread 0x00007fa737038800 nmethod 465 0x000000010aab2410 code [0x000000010aab26a0, 0x000000010aab3958]
Event: 1.523 Thread 0x00007fa737038800  466       3       java.io.UnixFileSystem::normalize (75 bytes)
Event: 1.523 Thread 0x00007fa737038800 nmethod 466 0x000000010aab18d0 code [0x000000010aab1aa0, 0x000000010aab20e8]
Event: 1.523 Thread 0x00007fa737038800  464       3       java.util.StringTokenizer::skipDelimiters (116 bytes)
Event: 1.523 Thread 0x00007fa737038800 nmethod 464 0x000000010aab40d0 code [0x000000010aab42e0, 0x000000010aab4e58]
Event: 1.523 Thread 0x00007fa737038800  468       3       java.net.URLClassLoader$1::run (5 bytes)
Event: 1.524 Thread 0x00007fa737038800 nmethod 468 0x000000010aab1510 code [0x000000010aab1680, 0x000000010aab1828]
Event: 1.524 Thread 0x00007fa737038800  469   !   3       java.net.URLClassLoader$1::run (73 bytes)
Event: 1.524 Thread 0x00007fa737038800 nmethod 469 0x000000010aab52d0 code [0x000000010aab54a0, 0x000000010aab5a58]

GC Heap History (0 events):
No events

Deoptimization events (0 events):
No events

Internal exceptions (10 events):
Event: 0.161 Thread 0x00007fa736800800 Exception <a 'java/lang/NoSuchFieldError': method resolution failed> (0x000000076b0100f8) thrown at [/HUDSON3/workspace/8-2-build-macosx-x86_64/jdk8u25/1514/hotspot/src/share/vm/prims/methodHandles.cpp, line 1159]
Event: 0.184 Thread 0x00007fa736800800 Exception <a 'java/security/PrivilegedActionException'> (0x000000076b1c7068) thrown at [/HUDSON3/workspace/8-2-build-macosx-x86_64/jdk8u25/1514/hotspot/src/share/vm/prims/jvm.cpp, line 1312]
Event: 0.184 Thread 0x00007fa736800800 Exception <a 'java/security/PrivilegedActionException'> (0x000000076b1c7220) thrown at [/HUDSON3/workspace/8-2-build-macosx-x86_64/jdk8u25/1514/hotspot/src/share/vm/prims/jvm.cpp, line 1312]
Event: 0.185 Thread 0x00007fa736800800 Exception <a 'java/security/PrivilegedActionException'> (0x000000076b1ca410) thrown at [/HUDSON3/workspace/8-2-build-macosx-x86_64/jdk8u25/1514/hotspot/src/share/vm/prims/jvm.cpp, line 1312]
Event: 0.185 Thread 0x00007fa736800800 Exception <a 'java/security/PrivilegedActionException'> (0x000000076b1ca5c8) thrown at [/HUDSON3/workspace/8-2-build-macosx-x86_64/jdk8u25/1514/hotspot/src/share/vm/prims/jvm.cpp, line 1312]
Event: 0.185 Thread 0x00007fa736800800 Exception <a 'java/lang/NullPointerException'> (0x000000076b1cb188) thrown at [/HUDSON3/workspace/8-2-build-macosx-x86_64/jdk8u25/1514/hotspot/src/share/vm/interpreter/linkResolver.cpp, line 1178]
Event: 1.436 Thread 0x00007fa736800800 Exception <a 'java/security/PrivilegedActionException'> (0x000000076b707f60) thrown at [/HUDSON3/workspace/8-2-build-macosx-x86_64/jdk8u25/1514/hotspot/src/share/vm/prims/jvm.cpp, line 1312]
Event: 1.512 Thread 0x00007fa736800800 Exception <a 'java/lang/reflect/InvocationTargetException'> (0x000000076b71e368) thrown at [/HUDSON3/workspace/8-2-build-macosx-x86_64/jdk8u25/1514/hotspot/src/share/vm/runtime/reflection.cpp, line 1080]
Event: 1.523 Thread 0x00007fa736800800 Exception <a 'java/security/PrivilegedActionException'> (0x000000076b786358) thrown at [/HUDSON3/workspace/8-2-build-macosx-x86_64/jdk8u25/1514/hotspot/src/share/vm/prims/jvm.cpp, line 1312]
Event: 1.523 Thread 0x00007fa736800800 Exception <a 'java/security/PrivilegedActionException'> (0x000000076b78a310) thrown at [/HUDSON3/workspace/8-2-build-macosx-x86_64/jdk8u25/1514/hotspot/src/share/vm/prims/jvm.cpp, line 1312]

Events (10 events):
Event: 1.525 loading class java/util/Formatter$Flags done
Event: 1.525 loading class java/util/Formatter$Conversion
Event: 1.525 loading class java/util/Formatter$Conversion done
Event: 1.525 loading class java/util/Formattable
Event: 1.525 loading class java/util/Formattable done
Event: 1.525 loading class java/util/IdentityHashMap$KeyIterator
Event: 1.525 loading class java/util/IdentityHashMap$IdentityHashMapIterator
Event: 1.525 loading class java/util/IdentityHashMap$IdentityHashMapIterator done
Event: 1.525 loading class java/util/IdentityHashMap$KeyIterator done
Event: 1.525 Executing VM operation: Exit


Dynamic libraries:
0x000000002a251000 	/System/Library/Frameworks/Cocoa.framework/Versions/A/Cocoa
0x000000002a251000 	/System/Library/Frameworks/Security.framework/Versions/A/Security
0x000000002a251000 	/System/Library/Frameworks/ApplicationServices.framework/Versions/A/ApplicationServices
0x000000002a251000 	/usr/lib/libz.1.dylib
0x000000002a251000 	/usr/lib/libSystem.B.dylib
0x000000002a251000 	/usr/lib/libobjc.A.dylib
0x000000002a251000 	/System/Library/Frameworks/CoreFoundation.framework/Versions/A/CoreFoundation
0x000000002a251000 	/System/Library/Frameworks/Foundation.framework/Versions/C/Foundation
0x000000002a251000 	/System/Library/Frameworks/AppKit.framework/Versions/C/AppKit
0x000000002a251000 	/System/Library/Frameworks/CoreData.framework/Versions/A/CoreData
0x000000002a251000 	/System/Library/PrivateFrameworks/RemoteViewServices.framework/Versions/A/RemoteViewServices
0x000000002a251000 	/System/Library/PrivateFrameworks/UIFoundation.framework/Versions/A/UIFoundation
0x000000002a251000 	/System/Library/PrivateFrameworks/DFRFoundation.framework/Versions/A/DFRFoundation
0x000000002a251000 	/System/Library/Frameworks/Metal.framework/Versions/A/Metal
0x000000002a251000 	/System/Library/PrivateFrameworks/DesktopServicesPriv.framework/Versions/A/DesktopServicesPriv
0x000000002a251000 	/usr/lib/libenergytrace.dylib
0x000000002a251000 	/System/Library/PrivateFrameworks/SkyLight.framework/Versions/A/SkyLight
0x000000002a251000 	/System/Library/Frameworks/CoreGraphics.framework/Versions/A/CoreGraphics
0x000000002a251000 	/usr/lib/libScreenReader.dylib
0x000000002a251000 	/System/Library/Frameworks/Accelerate.framework/Versions/A/Accelerate
0x000000002a251000 	/System/Library/Frameworks/IOSurface.framework/Versions/A/IOSurface
0x000000002a251000 	/System/Library/Frameworks/AudioToolbox.framework/Versions/A/AudioToolbox
0x000000002a251000 	/System/Library/Frameworks/AudioUnit.framework/Versions/A/AudioUnit
0x000000002a251000 	/System/Library/PrivateFrameworks/DataDetectorsCore.framework/Versions/A/DataDetectorsCore
0x000000002a251000 	/System/Library/Frameworks/Carbon.framework/Versions/A/Frameworks/HIToolbox.framework/Versions/A/HIToolbox
0x000000002a251000 	/usr/lib/libicucore.A.dylib
0x000000002a251000 	/System/Library/Frameworks/QuartzCore.framework/Versions/A/QuartzCore
0x000000002a251000 	/System/Library/PrivateFrameworks/SignpostNotification.framework/Versions/A/SignpostNotification
0x000000002a251000 	/System/Library/Frameworks/Carbon.framework/Versions/A/Frameworks/SpeechRecognition.framework/Versions/A/SpeechRecognition
0x000000002a251000 	/usr/lib/libauto.dylib
0x000000002a251000 	/usr/lib/libxml2.2.dylib
0x000000002a251000 	/System/Library/PrivateFrameworks/CoreUI.framework/Versions/A/CoreUI
0x000000002a251000 	/System/Library/Frameworks/CoreAudio.framework/Versions/A/CoreAudio
0x000000002a251000 	/System/Library/Frameworks/DiskArbitration.framework/Versions/A/DiskArbitration
0x000000002a251000 	/usr/lib/liblangid.dylib
0x000000002a251000 	/System/Library/PrivateFrameworks/MultitouchSupport.framework/Versions/A/MultitouchSupport
0x000000002a251000 	/System/Library/Frameworks/IOKit.framework/Versions/A/IOKit
0x000000002a251000 	/usr/lib/libDiagnosticMessagesClient.dylib
0x000000002a251000 	/System/Library/Frameworks/CoreServices.framework/Versions/A/CoreServices
0x000000002a251000 	/System/Library/PrivateFrameworks/PerformanceAnalysis.framework/Versions/A/PerformanceAnalysis
0x000000002a251000 	/System/Library/Frameworks/OpenGL.framework/Versions/A/OpenGL
0x000000002a251000 	/System/Library/Frameworks/ColorSync.framework/Versions/A/ColorSync
0x000000002a251000 	/System/Library/Frameworks/CoreImage.framework/Versions/A/CoreImage
0x000000002a251000 	/System/Library/Frameworks/CoreText.framework/Versions/A/CoreText
0x000000002a251000 	/System/Library/Frameworks/ImageIO.framework/Versions/A/ImageIO
0x000000002a251000 	/System/Library/PrivateFrameworks/Backup.framework/Versions/A/Backup
0x000000002a251000 	/usr/lib/libarchive.2.dylib
0x000000002a251000 	/System/Library/Frameworks/CFNetwork.framework/Versions/A/CFNetwork
0x000000002a251000 	/System/Library/Frameworks/SystemConfiguration.framework/Versions/A/SystemConfiguration
0x000000002a251000 	/usr/lib/libCRFSuite.dylib
0x000000002a251000 	/usr/lib/libc++.1.dylib
0x000000002a251000 	/usr/lib/libc++abi.dylib
0x000000002a251000 	/usr/lib/system/libcache.dylib
0x000000002a251000 	/usr/lib/system/libcommonCrypto.dylib
0x000000002a251000 	/usr/lib/system/libcompiler_rt.dylib
0x000000002a251000 	/usr/lib/system/libcopyfile.dylib
0x000000002a251000 	/usr/lib/system/libcorecrypto.dylib
0x000000002a251000 	/usr/lib/system/libdispatch.dylib
0x000000002a251000 	/usr/lib/system/libdyld.dylib
0x000000002a251000 	/usr/lib/system/libkeymgr.dylib
0x000000002a251000 	/usr/lib/system/liblaunch.dylib
0x000000002a251000 	/usr/lib/system/libmacho.dylib
0x000000002a251000 	/usr/lib/system/libquarantine.dylib
0x000000002a251000 	/usr/lib/system/libremovefile.dylib
0x000000002a251000 	/usr/lib/system/libsystem_asl.dylib
0x000000002a251000 	/usr/lib/system/libsystem_blocks.dylib
0x000000002a251000 	/usr/lib/system/libsystem_c.dylib
0x000000002a251000 	/usr/lib/system/libsystem_configuration.dylib
0x000000002a251000 	/usr/lib/system/libsystem_coreservices.dylib
0x000000002a251000 	/usr/lib/system/libsystem_darwin.dylib
0x000000002a251000 	/usr/lib/system/libsystem_dnssd.dylib
0x000000002a251000 	/usr/lib/system/libsystem_info.dylib
0x000000002a251000 	/usr/lib/system/libsystem_m.dylib
0x000000002a251000 	/usr/lib/system/libsystem_malloc.dylib
0x000000002a251000 	/usr/lib/system/libsystem_network.dylib
0x000000002a251000 	/usr/lib/system/libsystem_networkextension.dylib
0x000000002a251000 	/usr/lib/system/libsystem_notify.dylib
0x000000002a251000 	/usr/lib/system/libsystem_sandbox.dylib
0x000000002a251000 	/usr/lib/system/libsystem_secinit.dylib
0x000000002a251000 	/usr/lib/system/libsystem_kernel.dylib
0x000000002a251000 	/usr/lib/system/libsystem_platform.dylib
0x000000002a251000 	/usr/lib/system/libsystem_pthread.dylib
0x000000002a251000 	/usr/lib/system/libsystem_symptoms.dylib
0x000000002a251000 	/usr/lib/system/libsystem_trace.dylib
0x000000002a251000 	/usr/lib/system/libunwind.dylib
0x000000002a251000 	/usr/lib/system/libxpc.dylib
0x000000002a251000 	/usr/lib/closure/libclosured.dylib
0x000000002a251000 	/usr/lib/libbsm.0.dylib
0x000000002a251000 	/usr/lib/system/libkxld.dylib
0x000000002a251000 	/usr/lib/libOpenScriptingUtil.dylib
0x000000002a251000 	/usr/lib/libcoretls.dylib
0x000000002a251000 	/usr/lib/libcoretls_cfhelpers.dylib
0x000000002a251000 	/usr/lib/libpam.2.dylib
0x000000002a251000 	/usr/lib/libsqlite3.dylib
0x000000002a251000 	/usr/lib/libxar.1.dylib
0x000000002a251000 	/usr/lib/libbz2.1.0.dylib
0x000000002a251000 	/usr/lib/liblzma.5.dylib
0x000000002a251000 	/usr/lib/libnetwork.dylib
0x000000002a251000 	/usr/lib/libapple_nghttp2.dylib
0x000000002a251000 	/usr/lib/libpcap.A.dylib
0x000000002a251000 	/usr/lib/libboringssl.dylib
0x000000002a251000 	/usr/lib/libusrtcp.dylib
0x000000002a251000 	/usr/lib/libapple_crypto.dylib
0x000000002a251000 	/System/Library/Frameworks/CoreServices.framework/Versions/A/Frameworks/FSEvents.framework/Versions/A/FSEvents
0x000000002a251000 	/System/Library/Frameworks/CoreServices.framework/Versions/A/Frameworks/CarbonCore.framework/Versions/A/CarbonCore
0x000000002a251000 	/System/Library/Frameworks/CoreServices.framework/Versions/A/Frameworks/Metadata.framework/Versions/A/Metadata
0x000000002a251000 	/System/Library/Frameworks/CoreServices.framework/Versions/A/Frameworks/OSServices.framework/Versions/A/OSServices
0x000000002a251000 	/System/Library/Frameworks/CoreServices.framework/Versions/A/Frameworks/SearchKit.framework/Versions/A/SearchKit
0x000000002a251000 	/System/Library/Frameworks/CoreServices.framework/Versions/A/Frameworks/AE.framework/Versions/A/AE
0x000000002a251000 	/System/Library/Frameworks/CoreServices.framework/Versions/A/Frameworks/LaunchServices.framework/Versions/A/LaunchServices
0x000000002a251000 	/System/Library/Frameworks/CoreServices.framework/Versions/A/Frameworks/DictionaryServices.framework/Versions/A/DictionaryServices
0x000000002a251000 	/System/Library/Frameworks/CoreServices.framework/Versions/A/Frameworks/SharedFileList.framework/Versions/A/SharedFileList
0x000000002a251000 	/System/Library/Frameworks/NetFS.framework/Versions/A/NetFS
0x000000002a251000 	/System/Library/PrivateFrameworks/NetAuth.framework/Versions/A/NetAuth
0x000000002a251000 	/System/Library/PrivateFrameworks/login.framework/Versions/A/Frameworks/loginsupport.framework/Versions/A/loginsupport
0x000000002a251000 	/System/Library/PrivateFrameworks/TCC.framework/Versions/A/TCC
0x000000002a251000 	/usr/lib/libmecabra.dylib
0x000000002a251000 	/System/Library/Frameworks/ApplicationServices.framework/Versions/A/Frameworks/ATS.framework/Versions/A/ATS
0x000000002a251000 	/System/Library/Frameworks/ApplicationServices.framework/Versions/A/Frameworks/ColorSyncLegacy.framework/Versions/A/ColorSyncLegacy
0x000000002a251000 	/System/Library/Frameworks/ApplicationServices.framework/Versions/A/Frameworks/HIServices.framework/Versions/A/HIServices
0x000000002a251000 	/System/Library/Frameworks/ApplicationServices.framework/Versions/A/Frameworks/LangAnalysis.framework/Versions/A/LangAnalysis
0x000000002a251000 	/System/Library/Frameworks/ApplicationServices.framework/Versions/A/Frameworks/PrintCore.framework/Versions/A/PrintCore
0x000000002a251000 	/System/Library/Frameworks/ApplicationServices.framework/Versions/A/Frameworks/QD.framework/Versions/A/QD
0x000000002a251000 	/System/Library/Frameworks/ApplicationServices.framework/Versions/A/Frameworks/SpeechSynthesis.framework/Versions/A/SpeechSynthesis
0x000000002a251000 	/System/Library/Frameworks/CoreDisplay.framework/Versions/A/CoreDisplay
0x000000002a251000 	/System/Library/Frameworks/Accelerate.framework/Versions/A/Frameworks/vImage.framework/Versions/A/vImage
0x000000002a251000 	/System/Library/Frameworks/Accelerate.framework/Versions/A/Frameworks/vecLib.framework/Versions/A/vecLib
0x000000002a251000 	/System/Library/Frameworks/Accelerate.framework/Versions/A/Frameworks/vecLib.framework/Versions/A/libvDSP.dylib
0x000000002a251000 	/System/Library/Frameworks/Accelerate.framework/Versions/A/Frameworks/vecLib.framework/Versions/A/libBNNS.dylib
0x000000002a251000 	/System/Library/Frameworks/Accelerate.framework/Versions/A/Frameworks/vecLib.framework/Versions/A/libQuadrature.dylib
0x000000002a251000 	/System/Library/Frameworks/Accelerate.framework/Versions/A/Frameworks/vecLib.framework/Versions/A/libvMisc.dylib
0x000000002a251000 	/System/Library/Frameworks/Accelerate.framework/Versions/A/Frameworks/vecLib.framework/Versions/A/libLAPACK.dylib
0x000000002a251000 	/System/Library/Frameworks/Accelerate.framework/Versions/A/Frameworks/vecLib.framework/Versions/A/libBLAS.dylib
0x000000002a251000 	/System/Library/Frameworks/Accelerate.framework/Versions/A/Frameworks/vecLib.framework/Versions/A/libLinearAlgebra.dylib
0x000000002a251000 	/System/Library/Frameworks/Accelerate.framework/Versions/A/Frameworks/vecLib.framework/Versions/A/libSparse.dylib
0x000000002a251000 	/System/Library/Frameworks/Accelerate.framework/Versions/A/Frameworks/vecLib.framework/Versions/A/libSparseBLAS.dylib
0x000000002a251000 	/System/Library/PrivateFrameworks/GPUWrangler.framework/Versions/A/GPUWrangler
0x000000002a251000 	/System/Library/PrivateFrameworks/IOAccelerator.framework/Versions/A/IOAccelerator
0x000000002a251000 	/System/Library/PrivateFrameworks/IOPresentment.framework/Versions/A/IOPresentment
0x000000002a251000 	/System/Library/PrivateFrameworks/DSExternalDisplay.framework/Versions/A/DSExternalDisplay
0x000000002a251000 	/System/Library/Frameworks/OpenGL.framework/Versions/A/Libraries/libCoreFSCache.dylib
0x000000002a251000 	/System/Library/Frameworks/CoreVideo.framework/Versions/A/CoreVideo
0x000000002a251000 	/System/Library/PrivateFrameworks/GraphVisualizer.framework/Versions/A/GraphVisualizer
0x000000002a251000 	/System/Library/Frameworks/MetalPerformanceShaders.framework/Versions/A/MetalPerformanceShaders
0x000000002a251000 	/usr/lib/libFosl_dynamic.dylib
0x000000002a251000 	/System/Library/PrivateFrameworks/FaceCore.framework/Versions/A/FaceCore
0x000000002a251000 	/System/Library/Frameworks/OpenCL.framework/Versions/A/OpenCL
0x000000002a251000 	/usr/lib/libcompression.dylib
0x000000002a251000 	/System/Library/Frameworks/ApplicationServices.framework/Versions/A/Frameworks/ATS.framework/Versions/A/Resources/libFontParser.dylib
0x000000002a251000 	/System/Library/Frameworks/ApplicationServices.framework/Versions/A/Frameworks/ATS.framework/Versions/A/Resources/libFontRegistry.dylib
0x000000002a251000 	/System/Library/Frameworks/ImageIO.framework/Versions/A/Resources/libJPEG.dylib
0x000000002a251000 	/System/Library/Frameworks/ImageIO.framework/Versions/A/Resources/libTIFF.dylib
0x000000002a251000 	/System/Library/Frameworks/ImageIO.framework/Versions/A/Resources/libPng.dylib
0x000000002a251000 	/System/Library/Frameworks/ImageIO.framework/Versions/A/Resources/libGIF.dylib
0x000000002a251000 	/System/Library/Frameworks/ImageIO.framework/Versions/A/Resources/libJP2.dylib
0x000000002a251000 	/System/Library/Frameworks/ImageIO.framework/Versions/A/Resources/libRadiance.dylib
0x000000002a251000 	/System/Library/PrivateFrameworks/AppleJPEG.framework/Versions/A/AppleJPEG
0x000000002a251000 	/System/Library/Frameworks/MetalPerformanceShaders.framework/Frameworks/MPSCore.framework/Versions/A/MPSCore
0x000000002a251000 	/System/Library/Frameworks/MetalPerformanceShaders.framework/Frameworks/MPSImage.framework/Versions/A/MPSImage
0x000000002a251000 	/System/Library/Frameworks/MetalPerformanceShaders.framework/Frameworks/MPSNeuralNetwork.framework/Versions/A/MPSNeuralNetwork
0x000000002a251000 	/System/Library/Frameworks/MetalPerformanceShaders.framework/Frameworks/MPSMatrix.framework/Versions/A/MPSMatrix
0x000000002a251000 	/System/Library/PrivateFrameworks/MetalTools.framework/Versions/A/MetalTools
0x000000002a251000 	/System/Library/Frameworks/OpenGL.framework/Versions/A/Libraries/libGLU.dylib
0x000000002a251000 	/System/Library/Frameworks/OpenGL.framework/Versions/A/Libraries/libGFXShared.dylib
0x000000002a251000 	/System/Library/Frameworks/OpenGL.framework/Versions/A/Libraries/libGL.dylib
0x000000002a251000 	/System/Library/Frameworks/OpenGL.framework/Versions/A/Libraries/libGLImage.dylib
0x000000002a251000 	/System/Library/Frameworks/OpenGL.framework/Versions/A/Libraries/libCVMSPluginSupport.dylib
0x000000002a251000 	/System/Library/Frameworks/OpenGL.framework/Versions/A/Libraries/libCoreVMClient.dylib
0x000000002a251000 	/usr/lib/libcups.2.dylib
0x000000002a251000 	/System/Library/Frameworks/Kerberos.framework/Versions/A/Kerberos
0x000000002a251000 	/System/Library/Frameworks/GSS.framework/Versions/A/GSS
0x000000002a251000 	/usr/lib/libresolv.9.dylib
0x000000002a251000 	/usr/lib/libiconv.2.dylib
0x000000002a251000 	/System/Library/PrivateFrameworks/Heimdal.framework/Versions/A/Heimdal
0x000000002a251000 	/usr/lib/libheimdal-asn1.dylib
0x000000002a251000 	/System/Library/Frameworks/OpenDirectory.framework/Versions/A/OpenDirectory
0x000000002a251000 	/System/Library/PrivateFrameworks/CommonAuth.framework/Versions/A/CommonAuth
0x000000002a251000 	/System/Library/Frameworks/OpenDirectory.framework/Versions/A/Frameworks/CFOpenDirectory.framework/Versions/A/CFOpenDirectory
0x000000002a251000 	/System/Library/Frameworks/SecurityFoundation.framework/Versions/A/SecurityFoundation
0x000000002a251000 	/System/Library/PrivateFrameworks/APFS.framework/Versions/A/APFS
0x000000002a251000 	/usr/lib/libutil.dylib
0x000000002a251000 	/System/Library/PrivateFrameworks/AppleSauce.framework/Versions/A/AppleSauce
0x000000002a251000 	/System/Library/PrivateFrameworks/LinguisticData.framework/Versions/A/LinguisticData
0x000000002a251000 	/usr/lib/libmarisa.dylib
0x000000002a251000 	/System/Library/PrivateFrameworks/Lexicon.framework/Versions/A/Lexicon
0x000000002a251000 	/usr/lib/libChineseTokenizer.dylib
0x000000002a251000 	/usr/lib/libcmph.dylib
0x000000002a251000 	/System/Library/PrivateFrameworks/LanguageModeling.framework/Versions/A/LanguageModeling
0x000000002a251000 	/System/Library/PrivateFrameworks/CoreEmoji.framework/Versions/A/CoreEmoji
0x000000002a251000 	/System/Library/Frameworks/ServiceManagement.framework/Versions/A/ServiceManagement
0x000000002a251000 	/System/Library/PrivateFrameworks/BackgroundTaskManagement.framework/Versions/A/BackgroundTaskManagement
0x000000002a251000 	/usr/lib/libxslt.1.dylib
0x000000002a251000 	/System/Library/Frameworks/Carbon.framework/Versions/A/Frameworks/Ink.framework/Versions/A/Ink
0x000000002a251000 	/System/Library/PrivateFrameworks/TextureIO.framework/Versions/A/TextureIO
0x000000002a251000 	/usr/lib/libate.dylib
0x000000002a251000 	/System/Library/PrivateFrameworks/CrashReporterSupport.framework/Versions/A/CrashReporterSupport
0x000000002a251000 	/System/Library/PrivateFrameworks/Sharing.framework/Versions/A/Sharing
0x000000002a251000 	/System/Library/PrivateFrameworks/IconServices.framework/Versions/A/IconServices
0x000000002a251000 	/System/Library/PrivateFrameworks/AuthKit.framework/Versions/A/AuthKit
0x000000002a251000 	/System/Library/PrivateFrameworks/Apple80211.framework/Versions/A/Apple80211
0x000000002a251000 	/System/Library/PrivateFrameworks/CoreUtils.framework/Versions/A/CoreUtils
0x000000002a251000 	/System/Library/Frameworks/CoreWLAN.framework/Versions/A/CoreWLAN
0x000000002a251000 	/System/Library/Frameworks/IOBluetooth.framework/Versions/A/IOBluetooth
0x000000002a251000 	/System/Library/PrivateFrameworks/ProtocolBuffer.framework/Versions/A/ProtocolBuffer
0x000000002a251000 	/System/Library/PrivateFrameworks/MobileKeyBag.framework/Versions/A/MobileKeyBag
0x000000002a251000 	/System/Library/PrivateFrameworks/CorePhoneNumbers.framework/Versions/A/CorePhoneNumbers
0x000000002a251000 	/System/Library/PrivateFrameworks/AppleIDAuthSupport.framework/Versions/A/AppleIDAuthSupport
0x000000002a251000 	/System/Library/PrivateFrameworks/KeychainCircle.framework/Versions/A/KeychainCircle
0x000000002a251000 	/System/Library/PrivateFrameworks/CoreWiFi.framework/Versions/A/CoreWiFi
0x000000002a251000 	/System/Library/Frameworks/CoreBluetooth.framework/Versions/A/CoreBluetooth
0x000000002a251000 	/System/Library/PrivateFrameworks/DebugSymbols.framework/Versions/A/DebugSymbols
0x000000002a251000 	/System/Library/PrivateFrameworks/CoreSymbolication.framework/Versions/A/CoreSymbolication
0x000000002a251000 	/System/Library/PrivateFrameworks/Symbolication.framework/Versions/A/Symbolication
0x000000002a251000 	/System/Library/PrivateFrameworks/AppleFSCompression.framework/Versions/A/AppleFSCompression
0x000000002a251000 	/System/Library/PrivateFrameworks/SpeechRecognitionCore.framework/Versions/A/SpeechRecognitionCore
0x0000000102a00000 	/Library/Java/JavaVirtualMachines/jdk1.8.0_25.jdk/Contents/Home/jre/lib/server/libjvm.dylib
0x000000002a251000 	/usr/lib/libstdc++.6.0.9.dylib
0x0000000101947000 	/Library/Java/JavaVirtualMachines/jdk1.8.0_25.jdk/Contents/Home/jre/lib/libverify.dylib
0x0000000101955000 	/Library/Java/JavaVirtualMachines/jdk1.8.0_25.jdk/Contents/Home/jre/lib/libjava.dylib
0x000000010198a000 	/Library/Java/JavaVirtualMachines/jdk1.8.0_25.jdk/Contents/Home/jre/lib/libinstrument.dylib
0x00000001019e8000 	/Library/Java/JavaVirtualMachines/jdk1.8.0_25.jdk/Contents/Home/jre/lib/libzip.dylib
0x000000002a251000 	/System/Library/Frameworks/JavaVM.framework/Versions/A/Frameworks/JavaRuntimeSupport.framework/Versions/A/JavaRuntimeSupport
0x000000002a251000 	/System/Library/Frameworks/JavaVM.framework/Versions/A/Frameworks/JavaNativeFoundation.framework/Versions/A/JavaNativeFoundation
0x000000002a251000 	/System/Library/Frameworks/JavaVM.framework/Versions/A/JavaVM
0x000000002a251000 	/System/Library/Frameworks/Carbon.framework/Versions/A/Carbon
0x000000002a251000 	/System/Library/PrivateFrameworks/JavaLaunching.framework/Versions/A/JavaLaunching
0x000000002a251000 	/System/Library/Frameworks/Carbon.framework/Versions/A/Frameworks/CommonPanels.framework/Versions/A/CommonPanels
0x000000002a251000 	/System/Library/Frameworks/Carbon.framework/Versions/A/Frameworks/Help.framework/Versions/A/Help
0x000000002a251000 	/System/Library/Frameworks/Carbon.framework/Versions/A/Frameworks/ImageCapture.framework/Versions/A/ImageCapture
0x000000002a251000 	/System/Library/Frameworks/Carbon.framework/Versions/A/Frameworks/OpenScripting.framework/Versions/A/OpenScripting
0x000000002a251000 	/System/Library/Frameworks/Carbon.framework/Versions/A/Frameworks/Print.framework/Versions/A/Print
0x000000002a251000 	/System/Library/Frameworks/Carbon.framework/Versions/A/Frameworks/SecurityHI.framework/Versions/A/SecurityHI
0x00000001094ba000 	/Library/Java/JavaVirtualMachines/jdk1.8.0_25.jdk/Contents/Home/jre/lib/libnet.dylib
0x00000001095a5000 	/Library/Java/JavaVirtualMachines/jdk1.8.0_25.jdk/Contents/Home/jre/lib/libprism_es2.dylib
0x000000002a251000 	/System/Library/PrivateFrameworks/CoreServicesInternal.framework/Versions/A/CoreServicesInternal
0x000000002a251000 	/System/Library/Frameworks/OpenGL.framework/Versions/A/Resources/GLEngine.bundle/GLEngine
0x000000002a251000 	/System/Library/Frameworks/OpenGL.framework/Versions/A/Libraries/libGLProgrammability.dylib
0x000000010964e000 	/System/Library/Extensions/AppleIntelHD5000GraphicsGLDriver.bundle/Contents/MacOS/AppleIntelHD5000GraphicsGLDriver
0x000000002a251000 	/System/Library/PrivateFrameworks/GPUSupport.framework/Versions/A/Libraries/libGPUSupportMercury.dylib
0x00000001218af000 	/Library/GPUBundles/GeForceGLDriverWeb.bundle/Contents/MacOS/GeForceGLDriverWeb
0x000000002a251000 	/System/Library/Frameworks/OpenGL.framework/Versions/A/Resources/GLRendererFloat.bundle/GLRendererFloat
0x000000002a251000 	/System/Library/Frameworks/OpenCL.framework/Versions/A/Libraries/libcldcpuengine.dylib
0x000000002a251000 	/usr/lib/libcrypto.35.dylib
0x000000002a251000 	/System/Library/PrivateFrameworks/TrustEvaluationAgent.framework/Versions/A/TrustEvaluationAgent
0x000000010a230000 	/Library/Java/JavaVirtualMachines/jdk1.8.0_25.jdk/Contents/Home/jre/lib/libglass.dylib
0x000000002a251000 	/System/Library/CoreServices/RawCamera.bundle/Contents/MacOS/RawCamera
0x000000002a251000 	/System/Library/PrivateFrameworks/MobileAsset.framework/Versions/A/MobileAsset
0x000000002a251000 	/System/Library/PrivateFrameworks/StreamingZip.framework/Versions/A/StreamingZip
0x000000002a251000 	/System/Library/Frameworks/MediaToolbox.framework/Versions/A/MediaToolbox
0x000000002a251000 	/System/Library/PrivateFrameworks/CoreAVCHD.framework/Versions/A/CoreAVCHD
0x000000002a251000 	/System/Library/Frameworks/MediaAccessibility.framework/Versions/A/MediaAccessibility
0x000000002a251000 	/System/Library/PrivateFrameworks/Mangrove.framework/Versions/A/Mangrove
0x000000002a251000 	/System/Library/Frameworks/CoreMedia.framework/Versions/A/CoreMedia
0x000000002a251000 	/System/Library/Frameworks/VideoToolbox.framework/Versions/A/VideoToolbox
0x000000002a251000 	/System/Library/PrivateFrameworks/CoreAUC.framework/Versions/A/CoreAUC
0x000000002a251000 	/usr/lib/libspindump.dylib
0x000000002a251000 	/System/Library/PrivateFrameworks/AppleVA.framework/Versions/A/AppleVA
0x000000002a251000 	/System/Library/Frameworks/Accelerate.framework/Versions/A/Frameworks/vImage.framework/Versions/A/Libraries/libCGInterfaces.dylib
0x000000002a251000 	/System/Library/PrivateFrameworks/FamilyControls.framework/Versions/A/FamilyControls
0x000000002a251000 	/System/Library/PrivateFrameworks/CommerceKit.framework/Versions/A/Frameworks/CommerceCore.framework/Versions/A/CommerceCore
0x000000002a251000 	/System/Library/PrivateFrameworks/SystemAdministration.framework/Versions/A/SystemAdministration
0x000000002a251000 	/System/Library/PrivateFrameworks/AppContainer.framework/Versions/A/AppContainer
0x000000002a251000 	/System/Library/PrivateFrameworks/SecCodeWrapper.framework/Versions/A/SecCodeWrapper
0x000000002a251000 	/System/Library/PrivateFrameworks/DiskManagement.framework/Versions/A/DiskManagement
0x000000002a251000 	/System/Library/Frameworks/DirectoryService.framework/Versions/A/DirectoryService
0x000000002a251000 	/System/Library/PrivateFrameworks/DiskImages.framework/Versions/A/DiskImages
0x000000002a251000 	/System/Library/PrivateFrameworks/LoginUIKit.framework/Versions/A/Frameworks/LoginUICore.framework/Versions/A/LoginUICore
0x000000002a251000 	/usr/lib/libCoreStorage.dylib
0x000000002a251000 	/usr/lib/libcsfde.dylib
0x000000002a251000 	/usr/lib/libodfde.dylib
0x000000002a251000 	/System/Library/PrivateFrameworks/MediaKit.framework/Versions/A/MediaKit
0x000000002a251000 	/System/Library/Frameworks/DiscRecording.framework/Versions/A/DiscRecording
0x000000002a251000 	/System/Library/PrivateFrameworks/EFILogin.framework/Versions/A/EFILogin
0x000000002a251000 	/System/Library/PrivateFrameworks/ProtectedCloudStorage.framework/Versions/A/ProtectedCloudStorage
0x000000002a251000 	/usr/lib/libcurl.4.dylib
0x000000002a251000 	/usr/lib/libssl.35.dylib
0x000000002a251000 	/System/Library/Frameworks/LDAP.framework/Versions/A/LDAP
0x000000002a251000 	/usr/lib/libsasl2.2.dylib
0x000000002a251000 	/System/Library/PrivateFrameworks/CoreDaemon.framework/Versions/B/CoreDaemon
0x000000002a251000 	/System/Library/PrivateFrameworks/AppleSRP.framework/Versions/A/AppleSRP

VM Arguments:
jvm_args: -javaagent:/Applications/IntelliJ IDEA.app/Contents/lib/idea_rt.jar=49175:/Applications/IntelliJ IDEA.app/Contents/bin -Dfile.encoding=UTF-8 
java_command: Main
java_class_path (initial): /Library/Java/JavaVirtualMachines/jdk1.8.0_25.jdk/Contents/Home/jre/lib/charsets.jar:/Library/Java/JavaVirtualMachines/jdk1.8.0_25.jdk/Contents/Home/jre/lib/deploy.jar:/Library/Java/JavaVirtualMachines/jdk1.8.0_25.jdk/Contents/Home/jre/lib/ext/cldrdata.jar:/Library/Java/JavaVirtualMachines/jdk1.8.0_25.jdk/Contents/Home/jre/lib/ext/dnsns.jar:/Library/Java/JavaVirtualMachines/jdk1.8.0_25.jdk/Contents/Home/jre/lib/ext/jfxrt.jar:/Library/Java/JavaVirtualMachines/jdk1.8.0_25.jdk/Contents/Home/jre/lib/ext/localedata.jar:/Library/Java/JavaVirtualMachines/jdk1.8.0_25.jdk/Contents/Home/jre/lib/ext/nashorn.jar:/Library/Java/JavaVirtualMachines/jdk1.8.0_25.jdk/Contents/Home/jre/lib/ext/sunec.jar:/Library/Java/JavaVirtualMachines/jdk1.8.0_25.jdk/Contents/Home/jre/lib/ext/sunjce_provider.jar:/Library/Java/JavaVirtualMachines/jdk1.8.0_25.jdk/Contents/Home/jre/lib/ext/sunpkcs11.jar:/Library/Java/JavaVirtualMachines/jdk1.8.0_25.jdk/Contents/Home/jre/lib/ext/zipfs.jar:/Library/Java/JavaVirtualMachines/jdk1.8.0_25.jdk/Contents/Home/jre/lib/javaws.jar:/Library/Java/JavaVirtualMachines/jdk1.8.0_25.jdk/Contents/Home/jre/lib/jce.jar:/Library/Java/JavaVirtualMachines/jdk1.8.0_25.jdk/Contents/Home/jre/lib/jfr.jar:/Library/Java/JavaVirtualMachines/jdk1.8.0_25.jdk/Contents/Home/jre/lib/jfxswt.jar:/Library/Java/JavaVirtualMachines/jdk1.8.0_25.jdk/Contents/Home/jre/lib/jsse.jar:/Library/Java/JavaVirtualMachines/jdk1.8.0_25.jdk/Contents/Home/jre/lib/management-agent.jar:/Library/Java/JavaVirtualMachines/jdk1.8.0_25.jdk/Contents/Home/jre/lib/plugin.jar:/Library/Java/JavaVirtualMachines/jdk1.8.0_25.jdk/Contents/Home/jre/lib/resources.jar:/Library/Java/JavaVirtualMachines/jdk1.8.0_25.jdk/Contents/Home/jre/lib/rt.jar:/Library/Java/JavaVirtualMachines/jdk1.8.0_25.jdk/Contents/Home/lib/ant-javafx.jar:/Library/Java/JavaVirtualMachines/jdk1.8.0_25.jdk/Contents/Home/lib/dt.jar:/Library/Java/JavaVirtualMachines/jdk1.8.0_25.jdk/Contents/Home/lib/javafx-mx.jar:/Library/Java/Jav
Launcher Type: SUN_STANDARD

Environment Variables:
PATH=/usr/local/opt/qt/bin:/usr/local/opt/qt/bin:/usr/local/opt/qt/bin:/usr/local/opt/qt/bin:/usr/local/opt/qt/bin:/Users/ramachandran/Downloads/mongodb-osx-x86_64-4.0.6/bin:/Users/ramachandran/anaconda3/bin:/usr/local/bin:/usr/bin:/bin:/usr/sbin:/sbin:/Applications/VMware Fusion.app/Contents/Public:/usr/local/go/bin:/usr/local/share/dotnet:/opt/X11/bin:/Library/Frameworks/Mono.framework/Versions/Current/Commands:/Users/ramachandran/.local/bin/
SHELL=/bin/zsh
DISPLAY=/private/tmp/com.apple.launchd.YQMgugeU0p/org.macosforge.xquartz:0

Signal Handlers:
SIGSEGV: [libjvm.dylib+0x579dc7], sa_mask[0]=11111111011111110111111111111111, sa_flags=SA_ONSTACK|SA_RESTART|SA_SIGINFO
SIGBUS: [libjvm.dylib+0x579dc7], sa_mask[0]=11111111011111110111111111111111, sa_flags=SA_RESTART|SA_SIGINFO
SIGFPE: [libjvm.dylib+0x45b030], sa_mask[0]=11111111011111110111111111111111, sa_flags=SA_RESTART|SA_SIGINFO
SIGPIPE: [libjvm.dylib+0x45b030], sa_mask[0]=11111111011111110111111111111111, sa_flags=SA_RESTART|SA_SIGINFO
SIGXFSZ: [libjvm.dylib+0x45b030], sa_mask[0]=11111111011111110111111111111111, sa_flags=SA_RESTART|SA_SIGINFO
SIGILL: [libjvm.dylib+0x45b030], sa_mask[0]=11111111011111110111111111111111, sa_flags=SA_RESTART|SA_SIGINFO
SIGUSR1: SIG_DFL, sa_mask[0]=00000000000000000000000000000000, sa_flags=none
SIGUSR2: [libjvm.dylib+0x45ab4e], sa_mask[0]=00100000000000000000000000000000, sa_flags=SA_RESTART|SA_SIGINFO
SIGHUP: [libjvm.dylib+0x459121], sa_mask[0]=11111111011111110111111111111111, sa_flags=SA_RESTART|SA_SIGINFO
SIGINT: [libjvm.dylib+0x459121], sa_mask[0]=11111111011111110111111111111111, sa_flags=SA_RESTART|SA_SIGINFO
SIGTERM: [libjvm.dylib+0x459121], sa_mask[0]=11111111011111110111111111111111, sa_flags=SA_RESTART|SA_SIGINFO
SIGQUIT: [libjvm.dylib+0x459121], sa_mask[0]=11111111011111110111111111111111, sa_flags=SA_RESTART|SA_SIGINFO


---------------  S Y S T E M  ---------------

OS:Bsduname:Darwin 17.7.0 Darwin Kernel Version 17.7.0: Thu Dec 20 21:47:19 PST 2018; root:xnu-4570.71.22~1/RELEASE_X86_64 x86_64
rlimit: STACK 8192k, CORE 0k, NPROC 1418, NOFILE 10240, AS infinity
load average:2.45 1.97 2.25

CPU:total 8 (4 cores per cpu, 2 threads per core) family 6 model 70 stepping 1, cmov, cx8, fxsr, mmx, sse, sse2, sse3, ssse3, sse4.1, sse4.2, popcnt, avx, avx2, aes, clmul, erms, lzcnt, ht, tsc, tscinvbit, bmi1, bmi2

Memory: 4k page, physical 16777216k(1714340k free)

/proc/meminfo:


vm_info: Java HotSpot(TM) 64-Bit Server VM (25.25-b02) for bsd-amd64 JRE (1.8.0_25-b17), built on Sep 17 2014 16:56:50 by "java_re" with gcc 4.2.1 (Based on Apple Inc. build 5658) (LLVM build 2336.11.00)

time: Fri Mar 29 10:24:22 2019
elapsed time: 1 seconds (0d 0h 0m 1s)

